<?xml version="1.0" encoding="UTF-8"?>
<!-- Generated by org.testng.reporters.JUnitReportReporter -->
<testsuite skipped="0" hostname="SAIRAMA" name="Spice.Jet.SpiceJet" tests="1" failures="0" timestamp="2020-08-20T10:50:23 IST" time="28.103" errors="0">
  <testcase name="flight" time="28.103" classname="Spice.Jet.SpiceJet"/>
</testsuite> <!-- Spice.Jet.SpiceJet -->
