<?xml version="1.0" encoding="UTF-8"?>
<!-- Generated by org.testng.reporters.JUnitReportReporter -->
<testsuite skipped="0" hostname="SAIRAMA" name="Ecom.EcomerceWebsite" tests="1" failures="0" timestamp="2020-08-20T12:14:14 IST" time="23.812" errors="0">
  <testcase name="flipkart" time="23.812" classname="Ecom.EcomerceWebsite"/>
</testsuite> <!-- Ecom.EcomerceWebsite -->
